<?xml version='1.0' encoding='UTF-8' ?>
<testsuite name="com.example.myapp.baselineprofile.BaselineProfileGenerator" tests="1" failures="0" errors="0" skipped="0" time="206.419" timestamp="2026-06-29T11:53:02" hostname="localhost">
  <properties>
    <property name="device" value="23129RN51X - 16" />
    <property name="flavor" value="" />
    <property name="project" value=":baselineprofile" />
  </properties>
  <testcase name="generate" classname="com.example.myapp.baselineprofile.BaselineProfileGenerator" time="203.727" />
</testsuite>